#
# There is insufficient memory for the Java Runtime Environment to continue.
# Native memory allocation (malloc) failed to allocate 1630656 bytes. Error detail: Chunk::new
# Possible reasons:
#   The system is out of physical RAM or swap space
#   This process is running with CompressedOops enabled, and the Java Heap may be blocking the growth of the native heap
# Possible solutions:
#   Reduce memory load on the system
#   Increase physical memory or swap space
#   Check if swap backing store is full
#   Decrease Java heap size (-Xmx/-Xms)
#   Decrease number of Java threads
#   Decrease Java thread stack sizes (-Xss)
#   Set larger code cache with -XX:ReservedCodeCacheSize=
#   JVM is running with Unscaled Compressed Oops mode in which the Java heap is
#     placed in the first 4GB address space. The Java Heap base address is the
#     maximum limit for the native heap growth. Please use -XX:HeapBaseMinAddress
#     to set the Java Heap base and to place the Java Heap above 4GB virtual address.
# This output file may be truncated or incomplete.
#
#  Out of Memory Error (arena.cpp:168), pid=5236, tid=27900
#
# JRE version: OpenJDK Runtime Environment Temurin-21.0.6+7 (21.0.6+7) (build 21.0.6+7-LTS)
# Java VM: OpenJDK 64-Bit Server VM Temurin-21.0.6+7 (21.0.6+7-LTS, mixed mode, sharing, tiered, compressed oops, compressed class ptrs, parallel gc, windows-amd64)
# No core dump will be written. Minidumps are not enabled by default on client versions of Windows
#

---------------  S U M M A R Y ------------

Command Line: --add-modules=ALL-SYSTEM --add-opens=java.base/java.util=ALL-UNNAMED --add-opens=java.base/java.lang=ALL-UNNAMED --add-opens=java.base/sun.nio.fs=ALL-UNNAMED -Declipse.application=org.eclipse.jdt.ls.core.id1 -Dosgi.bundles.defaultStartLevel=4 -Declipse.product=org.eclipse.jdt.ls.core.product -Djava.import.generatesMetadataFilesAtProjectRoot=false -DDetectVMInstallationsJob.disabled=true -Dfile.encoding=utf8 -XX:+UseParallelGC -XX:GCTimeRatio=4 -XX:AdaptiveSizePolicyWeight=90 -Dsun.zip.disableMemoryMapping=true -Xmx1G -Xms100m -Xlog:disable -javaagent:c:\Users\Anzy\.cursor\extensions\redhat.java-1.41.1-win32-x64\lombok\lombok-1.18.36.jar c:\Users\Anzy\.cursor\extensions\redhat.java-1.41.1-win32-x64\server\plugins\org.eclipse.equinox.launcher_1.7.0.v20250331-1702.jar -configuration c:\Users\Anzy\AppData\Roaming\Cursor\User\globalStorage\redhat.java\1.41.1\config_ss_win -data c:\Users\Anzy\AppData\Roaming\Cursor\User\workspaceStorage\21dd1479234a0e1822967c3d8eeb3b61\redhat.java\ss_ws --pipe=\\.\pipe\lsp-c0ac6af2a5ea81ec320f1741c34e53cd-sock

Host: 13th Gen Intel(R) Core(TM) i5-13450HX, 16 cores, 7G,  Windows 11 , 64 bit Build 26100 (10.0.26100.3323)
Time: Wed Apr  2 18:41:53 2025 Malay Peninsula Standard Time elapsed time: 25.965257 seconds (0d 0h 0m 25s)

---------------  T H R E A D  ---------------

Current thread (0x000001e06d6462b0):  JavaThread "C2 CompilerThread1" daemon [_thread_in_native, id=27900, stack(0x0000005377a00000,0x0000005377b00000) (1024K)]


Current CompileTask:
C2:25965 3604       4       org.lombokweb.asm.ClassReader::readMethod (1070 bytes)

Stack: [0x0000005377a00000,0x0000005377b00000]
Native frames: (J=compiled Java code, j=interpreted, Vv=VM code, C=native code)
V  [jvm.dll+0x6cdee9]
V  [jvm.dll+0x8a83d1]
V  [jvm.dll+0x8aa8fe]
V  [jvm.dll+0x8aafe3]
V  [jvm.dll+0x27f706]
V  [jvm.dll+0xc500d]
V  [jvm.dll+0xc5543]
V  [jvm.dll+0x3b678c]
V  [jvm.dll+0x382935]
V  [jvm.dll+0x381d9a]
V  [jvm.dll+0x2479f0]
V  [jvm.dll+0x246fcf]
V  [jvm.dll+0x1c75ee]
V  [jvm.dll+0x25685a]
V  [jvm.dll+0x254dfa]
V  [jvm.dll+0x3f0256]
V  [jvm.dll+0x851f8b]
V  [jvm.dll+0x6cc5ed]
C  [ucrtbase.dll+0x37b0]
C  [KERNEL32.DLL+0x2e8d7]
C  [ntdll.dll+0xbbf6c]


---------------  P R O C E S S  ---------------

Threads class SMR info:
_java_thread_list=0x000001e074166960, length=41, elements={
0x000001e0558ac7a0, 0x000001e06bcfcfc0, 0x000001e06bcfded0, 0x000001e06d3c8b70,
0x000001e06d3ca0b0, 0x000001e06d3f1720, 0x000001e06d3f57a0, 0x000001e06d4006a0,
0x000001e06d4026a0, 0x000001e06d4c51e0, 0x000001e07300b490, 0x000001e073795ff0,
0x000001e0738160e0, 0x000001e0733a8970, 0x000001e0736d7c80, 0x000001e073a63a80,
0x000001e0736aa7c0, 0x000001e0736aae20, 0x000001e0736ab890, 0x000001e07354d8c0,
0x000001e07354f300, 0x000001e07354ec70, 0x000001e07354e5e0, 0x000001e0735506b0,
0x000001e07354f990, 0x000001e07354df50, 0x000001e073550020, 0x000001e073550d40,
0x000001e0736a2f00, 0x000001e0736a3c20, 0x000001e0736a3590, 0x000001e0736a1b50,
0x000001e0736a21e0, 0x000001e06d646980, 0x000001e06d6440a0, 0x000001e06d6462b0,
0x000001e0736a14c0, 0x000001e06d645510, 0x000001e0736a5cf0, 0x000001e0736a42b0,
0x000001e0736a4940
}

Java Threads: ( => current thread )
  0x000001e0558ac7a0 JavaThread "main"                              [_thread_blocked, id=27152, stack(0x0000005375e00000,0x0000005375f00000) (1024K)]
  0x000001e06bcfcfc0 JavaThread "Reference Handler"          daemon [_thread_blocked, id=6984, stack(0x0000005376200000,0x0000005376300000) (1024K)]
  0x000001e06bcfded0 JavaThread "Finalizer"                  daemon [_thread_blocked, id=27652, stack(0x0000005376300000,0x0000005376400000) (1024K)]
  0x000001e06d3c8b70 JavaThread "Signal Dispatcher"          daemon [_thread_blocked, id=27656, stack(0x0000005376400000,0x0000005376500000) (1024K)]
  0x000001e06d3ca0b0 JavaThread "Attach Listener"            daemon [_thread_blocked, id=27672, stack(0x0000005376500000,0x0000005376600000) (1024K)]
  0x000001e06d3f1720 JavaThread "Service Thread"             daemon [_thread_blocked, id=27676, stack(0x0000005376600000,0x0000005376700000) (1024K)]
  0x000001e06d3f57a0 JavaThread "Monitor Deflation Thread"   daemon [_thread_blocked, id=27684, stack(0x0000005376700000,0x0000005376800000) (1024K)]
  0x000001e06d4006a0 JavaThread "C2 CompilerThread0"         daemon [_thread_blocked, id=27700, stack(0x0000005376800000,0x0000005376900000) (1024K)]
  0x000001e06d4026a0 JavaThread "C1 CompilerThread0"         daemon [_thread_blocked, id=27704, stack(0x0000005376900000,0x0000005376a00000) (1024K)]
  0x000001e06d4c51e0 JavaThread "Common-Cleaner"             daemon [_thread_blocked, id=27724, stack(0x0000005376a00000,0x0000005376b00000) (1024K)]
  0x000001e07300b490 JavaThread "Notification Thread"        daemon [_thread_blocked, id=27836, stack(0x0000005376b00000,0x0000005376c00000) (1024K)]
  0x000001e073795ff0 JavaThread "Active Thread: Equinox Container: 2d77e1ac-7aac-4a0e-b650-5e33fd50f2e8"        [_thread_blocked, id=27956, stack(0x0000005377800000,0x0000005377900000) (1024K)]
  0x000001e0738160e0 JavaThread "Framework Event Dispatcher: Equinox Container: 2d77e1ac-7aac-4a0e-b650-5e33fd50f2e8" daemon [_thread_blocked, id=19628, stack(0x0000005377200000,0x0000005377300000) (1024K)]
  0x000001e0733a8970 JavaThread "Start Level: Equinox Container: 2d77e1ac-7aac-4a0e-b650-5e33fd50f2e8" daemon [_thread_in_native, id=10820, stack(0x0000005377300000,0x0000005377400000) (1024K)]
  0x000001e0736d7c80 JavaThread "Refresh Thread: Equinox Container: 2d77e1ac-7aac-4a0e-b650-5e33fd50f2e8" daemon [_thread_blocked, id=28668, stack(0x0000005377600000,0x0000005377700000) (1024K)]
  0x000001e073a63a80 JavaThread "Equinox resolver thread - Equinox Container: 2d77e1ac-7aac-4a0e-b650-5e33fd50f2e8" daemon [_thread_blocked, id=28624, stack(0x0000005377b00000,0x0000005377c00000) (1024K)]
  0x000001e0736aa7c0 JavaThread "Equinox resolver thread - Equinox Container: 2d77e1ac-7aac-4a0e-b650-5e33fd50f2e8" daemon [_thread_blocked, id=28620, stack(0x0000005377c00000,0x0000005377d00000) (1024K)]
  0x000001e0736aae20 JavaThread "Equinox resolver thread - Equinox Container: 2d77e1ac-7aac-4a0e-b650-5e33fd50f2e8" daemon [_thread_blocked, id=28636, stack(0x0000005377d00000,0x0000005377e00000) (1024K)]
  0x000001e0736ab890 JavaThread "Equinox resolver thread - Equinox Container: 2d77e1ac-7aac-4a0e-b650-5e33fd50f2e8" daemon [_thread_blocked, id=28548, stack(0x0000005377e00000,0x0000005377f00000) (1024K)]
  0x000001e07354d8c0 JavaThread "Equinox resolver thread - Equinox Container: 2d77e1ac-7aac-4a0e-b650-5e33fd50f2e8" daemon [_thread_blocked, id=28616, stack(0x0000005377f00000,0x0000005378000000) (1024K)]
  0x000001e07354f300 JavaThread "Equinox resolver thread - Equinox Container: 2d77e1ac-7aac-4a0e-b650-5e33fd50f2e8" daemon [_thread_blocked, id=28612, stack(0x0000005378000000,0x0000005378100000) (1024K)]
  0x000001e07354ec70 JavaThread "Equinox resolver thread - Equinox Container: 2d77e1ac-7aac-4a0e-b650-5e33fd50f2e8" daemon [_thread_blocked, id=28608, stack(0x0000005378100000,0x0000005378200000) (1024K)]
  0x000001e07354e5e0 JavaThread "Equinox resolver thread - Equinox Container: 2d77e1ac-7aac-4a0e-b650-5e33fd50f2e8" daemon [_thread_blocked, id=17488, stack(0x0000005378200000,0x0000005378300000) (1024K)]
  0x000001e0735506b0 JavaThread "Equinox resolver thread - Equinox Container: 2d77e1ac-7aac-4a0e-b650-5e33fd50f2e8" daemon [_thread_blocked, id=19496, stack(0x0000005378300000,0x0000005378400000) (1024K)]
  0x000001e07354f990 JavaThread "Equinox resolver thread - Equinox Container: 2d77e1ac-7aac-4a0e-b650-5e33fd50f2e8" daemon [_thread_blocked, id=12728, stack(0x0000005378400000,0x0000005378500000) (1024K)]
  0x000001e07354df50 JavaThread "Equinox resolver thread - Equinox Container: 2d77e1ac-7aac-4a0e-b650-5e33fd50f2e8" daemon [_thread_blocked, id=28648, stack(0x0000005378500000,0x0000005378600000) (1024K)]
  0x000001e073550020 JavaThread "Equinox resolver thread - Equinox Container: 2d77e1ac-7aac-4a0e-b650-5e33fd50f2e8" daemon [_thread_blocked, id=28644, stack(0x0000005378600000,0x0000005378700000) (1024K)]
  0x000001e073550d40 JavaThread "Equinox resolver thread - Equinox Container: 2d77e1ac-7aac-4a0e-b650-5e33fd50f2e8" daemon [_thread_blocked, id=28640, stack(0x0000005378700000,0x0000005378800000) (1024K)]
  0x000001e0736a2f00 JavaThread "Equinox resolver thread - Equinox Container: 2d77e1ac-7aac-4a0e-b650-5e33fd50f2e8" daemon [_thread_blocked, id=28660, stack(0x0000005378800000,0x0000005378900000) (1024K)]
  0x000001e0736a3c20 JavaThread "Equinox resolver thread - Equinox Container: 2d77e1ac-7aac-4a0e-b650-5e33fd50f2e8" daemon [_thread_blocked, id=28600, stack(0x0000005378900000,0x0000005378a00000) (1024K)]
  0x000001e0736a3590 JavaThread "Equinox resolver thread - Equinox Container: 2d77e1ac-7aac-4a0e-b650-5e33fd50f2e8" daemon [_thread_blocked, id=28588, stack(0x0000005378a00000,0x0000005378b00000) (1024K)]
  0x000001e0736a1b50 JavaThread "SCR Component Actor"        daemon [_thread_blocked, id=26992, stack(0x0000005377500000,0x0000005377600000) (1024K)]
  0x000001e0736a21e0 JavaThread "SCR Component Registry"     daemon [_thread_blocked, id=27068, stack(0x0000005378c00000,0x0000005378d00000) (1024K)]
  0x000001e06d646980 JavaThread "C1 CompilerThread1"         daemon [_thread_blocked, id=27980, stack(0x0000005377700000,0x0000005377800000) (1024K)]
  0x000001e06d6440a0 JavaThread "C1 CompilerThread2"         daemon [_thread_blocked, id=27768, stack(0x0000005377900000,0x0000005377a00000) (1024K)]
=>0x000001e06d6462b0 JavaThread "C2 CompilerThread1"         daemon [_thread_in_native, id=27900, stack(0x0000005377a00000,0x0000005377b00000) (1024K)]
  0x000001e0736a14c0 JavaThread "Worker-JM"                         [_thread_blocked, id=27224, stack(0x0000005378e00000,0x0000005378f00000) (1024K)]
  0x000001e06d645510 JavaThread "C1 CompilerThread3"         daemon [_thread_blocked, id=28224, stack(0x0000005379100000,0x0000005379200000) (1024K)]
  0x000001e0736a5cf0 JavaThread "JNA Cleaner"                daemon [_thread_blocked, id=28116, stack(0x0000005378d00000,0x0000005378e00000) (1024K)]
  0x000001e0736a42b0 JavaThread "Worker-0"                          [_thread_blocked, id=28228, stack(0x0000005379200000,0x0000005379300000) (1024K)]
  0x000001e0736a4940 JavaThread "Worker-1"                          [_thread_blocked, id=28124, stack(0x0000005379300000,0x0000005379400000) (1024K)]
Total: 41

Other Threads:
  0x000001e06bce49d0 VMThread "VM Thread"                           [id=10392, stack(0x0000005376100000,0x0000005376200000) (1024K)]
  0x000001e06bbdca00 WatcherThread "VM Periodic Task Thread"        [id=12708, stack(0x0000005376000000,0x0000005376100000) (1024K)]
  0x000001e0558cbb40 WorkerThread "GC Thread#0"                     [id=6804, stack(0x0000005375f00000,0x0000005376000000) (1024K)]
  0x000001e07334e480 WorkerThread "GC Thread#1"                     [id=27856, stack(0x0000005376c00000,0x0000005376d00000) (1024K)]
  0x000001e0731e2630 WorkerThread "GC Thread#2"                     [id=27860, stack(0x0000005376d00000,0x0000005376e00000) (1024K)]
  0x000001e0731e29d0 WorkerThread "GC Thread#3"                     [id=27868, stack(0x0000005376e00000,0x0000005376f00000) (1024K)]
  0x000001e0731e2d70 WorkerThread "GC Thread#4"                     [id=27876, stack(0x0000005376f00000,0x0000005377000000) (1024K)]
  0x000001e0731e3110 WorkerThread "GC Thread#5"                     [id=27884, stack(0x0000005377000000,0x0000005377100000) (1024K)]
  0x000001e0732b91c0 WorkerThread "GC Thread#6"                     [id=27892, stack(0x0000005377100000,0x0000005377200000) (1024K)]
  0x000001e06d5c4c20 WorkerThread "GC Thread#7"                     [id=10560, stack(0x0000005377400000,0x0000005377500000) (1024K)]
  0x000001e073a587e0 WorkerThread "GC Thread#8"                     [id=28348, stack(0x0000005378b00000,0x0000005378c00000) (1024K)]
  0x000001e073a56e80 WorkerThread "GC Thread#9"                     [id=28044, stack(0x0000005378f00000,0x0000005379000000) (1024K)]
  0x000001e073a57220 WorkerThread "GC Thread#10"                    [id=28216, stack(0x0000005379000000,0x0000005379100000) (1024K)]
  0x000001e073a575c0 WorkerThread "GC Thread#11"                    [id=28008, stack(0x0000005379400000,0x0000005379500000) (1024K)]
  0x000001e074702410 WorkerThread "GC Thread#12"                    [id=4792, stack(0x0000005379500000,0x0000005379600000) (1024K)]
Total: 15

Threads with active compile tasks:
C2 CompilerThread1  26036 3604       4       org.lombokweb.asm.ClassReader::readMethod (1070 bytes)
Total: 1

VM state: not at safepoint (normal execution)

VM Mutex/Monitor currently owned by a thread: None

Heap address: 0x00000000c0000000, size: 1024 MB, Compressed Oops mode: 32-bit

CDS archive(s) mapped at: [0x000001e000000000-0x000001e000ba0000-0x000001e000ba0000), size 12189696, SharedBaseAddress: 0x000001e000000000, ArchiveRelocationMode: 1.
Compressed class space mapped at: 0x000001e001000000-0x000001e041000000, reserved size: 1073741824
Narrow klass base: 0x000001e000000000, Narrow klass shift: 0, Narrow klass range: 0x100000000

GC Precious Log:
 CardTable entry size: 512
 CPUs: 16 total, 16 available
 Memory: 7899M
 Large Page Support: Disabled
 NUMA Support: Disabled
 Compressed Oops: Enabled (32-bit)
 Alignments: Space 512K, Generation 512K, Heap 2M
 Heap Min Capacity: 100M
 Heap Initial Capacity: 100M
 Heap Max Capacity: 1G
 Pre-touch: Disabled
 Parallel Workers: 13

Heap:
 PSYoungGen      total 27136K, used 2984K [0x00000000eab00000, 0x00000000eca00000, 0x0000000100000000)
  eden space 24576K, 3% used [0x00000000eab00000,0x00000000eabe5b90,0x00000000ec300000)
  from space 2560K, 80% used [0x00000000ec400000,0x00000000ec604560,0x00000000ec680000)
  to   space 3072K, 0% used [0x00000000ec700000,0x00000000ec700000,0x00000000eca00000)
 ParOldGen       total 68608K, used 10248K [0x00000000c0000000, 0x00000000c4300000, 0x00000000eab00000)
  object space 68608K, 14% used [0x00000000c0000000,0x00000000c0a02218,0x00000000c4300000)
 Metaspace       used 22994K, committed 23616K, reserved 1114112K
  class space    used 2111K, committed 2368K, reserved 1048576K

Card table byte_map: [0x000001e069570000,0x000001e069780000] _byte_map_base: 0x000001e068f70000

Marking Bits: (ParMarkBitMap*) 0x00007ffddfbe3260
 Begin Bits: [0x000001e0698e0000, 0x000001e06a8e0000)
 End Bits:   [0x000001e06a8e0000, 0x000001e06b8e0000)

Polling page: 0x000001e05a360000

Metaspace:

Usage:
  Non-class:     20.39 MB used.
      Class:      2.06 MB used.
       Both:     22.46 MB used.

Virtual space:
  Non-class space:       64.00 MB reserved,      20.75 MB ( 32%) committed,  1 nodes.
      Class space:        1.00 GB reserved,       2.31 MB ( <1%) committed,  1 nodes.
             Both:        1.06 GB reserved,      23.06 MB (  2%) committed. 

Chunk freelists:
   Non-Class:  11.00 MB
       Class:  13.70 MB
        Both:  24.70 MB

MaxMetaspaceSize: unlimited
CompressedClassSpaceSize: 1.00 GB
Initial GC threshold: 21.00 MB
Current GC threshold: 35.00 MB
CDS: on
 - commit_granule_bytes: 65536.
 - commit_granule_words: 8192.
 - virtual_space_node_default_size: 8388608.
 - enlarge_chunks_in_place: 1.
 - use_allocation_guard: 0.


Internal statistics:

num_allocs_failed_limit: 3.
num_arena_births: 502.
num_arena_deaths: 14.
num_vsnodes_births: 2.
num_vsnodes_deaths: 0.
num_space_committed: 370.
num_space_uncommitted: 0.
num_chunks_returned_to_freelist: 17.
num_chunks_taken_from_freelist: 1341.
num_chunk_merges: 8.
num_chunk_splits: 896.
num_chunks_enlarged: 591.
num_inconsistent_stats: 0.

CodeHeap 'non-profiled nmethods': size=119168Kb used=1527Kb max_used=1527Kb free=117641Kb
 bounds [0x000001e061f20000, 0x000001e062190000, 0x000001e069380000]
CodeHeap 'profiled nmethods': size=119104Kb used=7747Kb max_used=7747Kb free=111356Kb
 bounds [0x000001e05a380000, 0x000001e05ab20000, 0x000001e0617d0000]
CodeHeap 'non-nmethods': size=7488Kb used=3005Kb max_used=3024Kb free=4482Kb
 bounds [0x000001e0617d0000, 0x000001e061ad0000, 0x000001e061f20000]
 total_blobs=4271 nmethods=3667 adapters=507
 compilation: enabled
              stopped_count=0, restarted_count=0
 full_count=0

Compilation events (20 events):
Event: 24.927 Thread 0x000001e06d4026a0 3626       3       java.util.regex.Matcher::checkGroup (41 bytes)
Event: 24.927 Thread 0x000001e06d6440a0 3627       3       java.util.regex.Matcher::getSubSequence (12 bytes)
Event: 24.928 Thread 0x000001e06d6440a0 nmethod 3627 0x000001e05aaf1490 code [0x000001e05aaf1640, 0x000001e05aaf1818]
Event: 24.928 Thread 0x000001e06d4026a0 nmethod 3626 0x000001e05aaf1910 code [0x000001e05aaf1b40, 0x000001e05aaf21c8]
Event: 24.930 Thread 0x000001e06d4006a0 nmethod 3619 0x000001e062092390 code [0x000001e062092940, 0x000001e062094398]
Event: 24.930 Thread 0x000001e06d4006a0 3622       4       org.lombokweb.asm.MethodWriter::canCopyMethodAttributes (163 bytes)
Event: 24.935 Thread 0x000001e06d4006a0 nmethod 3622 0x000001e062095710 code [0x000001e0620958c0, 0x000001e062095c18]
Event: 24.935 Thread 0x000001e06d4006a0 3625       4       org.lombokweb.asm.MethodWriter::putMethodInfo (1274 bytes)
Event: 24.939 Thread 0x000001e06d4026a0 3628       3       org.eclipse.core.internal.registry.Handle::<init> (15 bytes)
Event: 24.939 Thread 0x000001e06d4026a0 nmethod 3628 0x000001e05aaf2490 code [0x000001e05aaf2640, 0x000001e05aaf27c8]
Event: 24.940 Thread 0x000001e06d646980 3629       1       java.lang.reflect.Constructor::getDeclaringClass (5 bytes)
Event: 24.940 Thread 0x000001e06d646980 nmethod 3629 0x000001e062095f10 code [0x000001e0620960a0, 0x000001e062096168]
Event: 24.954 Thread 0x000001e06d4006a0 nmethod 3625 0x000001e062096210 code [0x000001e062096840, 0x000001e062098638]
Event: 24.954 Thread 0x000001e06d4006a0 3621       4       org.lombokweb.asm.MethodWriter::hasFrames (13 bytes)
Event: 24.955 Thread 0x000001e06d4006a0 nmethod 3621 0x000001e062099e90 code [0x000001e06209a020, 0x000001e06209a0b8]
Event: 24.955 Thread 0x000001e06d4006a0 3624       4       org.lombokweb.asm.MethodWriter::computeMethodInfoSize (571 bytes)
Event: 24.958 Thread 0x000001e06d646980 3630       3       org.eclipse.core.internal.preferences.EclipsePreferences::parent (9 bytes)
Event: 24.958 Thread 0x000001e06d6440a0 3631       3       org.eclipse.core.internal.preferences.ImmutableMap$ArrayMap::internalPut (85 bytes)
Event: 24.959 Thread 0x000001e06d645510 3632       3       org.eclipse.core.internal.preferences.ImmutableMap$ArrayMap::get (54 bytes)
Event: 24.959 Thread 0x000001e06d4026a0 3633       3       org.eclipse.core.runtime.ListenerList$ListenerListIterator::hasNext (16 bytes)

GC Heap History (14 events):
Event: 1.727 GC heap before
{Heap before GC invocations=1 (full 0):
 PSYoungGen      total 29696K, used 25600K [0x00000000eab00000, 0x00000000ecc00000, 0x0000000100000000)
  eden space 25600K, 100% used [0x00000000eab00000,0x00000000ec400000,0x00000000ec400000)
  from space 4096K, 0% used [0x00000000ec800000,0x00000000ec800000,0x00000000ecc00000)
  to   space 4096K, 0% used [0x00000000ec400000,0x00000000ec400000,0x00000000ec800000)
 ParOldGen       total 68608K, used 0K [0x00000000c0000000, 0x00000000c4300000, 0x00000000eab00000)
  object space 68608K, 0% used [0x00000000c0000000,0x00000000c0000000,0x00000000c4300000)
 Metaspace       used 4510K, committed 4736K, reserved 1114112K
  class space    used 455K, committed 576K, reserved 1048576K
}
Event: 1.733 GC heap after
{Heap after GC invocations=1 (full 0):
 PSYoungGen      total 29696K, used 3222K [0x00000000eab00000, 0x00000000ecc00000, 0x0000000100000000)
  eden space 25600K, 0% used [0x00000000eab00000,0x00000000eab00000,0x00000000ec400000)
  from space 4096K, 78% used [0x00000000ec400000,0x00000000ec725800,0x00000000ec800000)
  to   space 4096K, 0% used [0x00000000ec800000,0x00000000ec800000,0x00000000ecc00000)
 ParOldGen       total 68608K, used 16K [0x00000000c0000000, 0x00000000c4300000, 0x00000000eab00000)
  object space 68608K, 0% used [0x00000000c0000000,0x00000000c0004000,0x00000000c4300000)
 Metaspace       used 4510K, committed 4736K, reserved 1114112K
  class space    used 455K, committed 576K, reserved 1048576K
}
Event: 17.583 GC heap before
{Heap before GC invocations=2 (full 0):
 PSYoungGen      total 29696K, used 28822K [0x00000000eab00000, 0x00000000ecc00000, 0x0000000100000000)
  eden space 25600K, 100% used [0x00000000eab00000,0x00000000ec400000,0x00000000ec400000)
  from space 4096K, 78% used [0x00000000ec400000,0x00000000ec725800,0x00000000ec800000)
  to   space 4096K, 0% used [0x00000000ec800000,0x00000000ec800000,0x00000000ecc00000)
 ParOldGen       total 68608K, used 16K [0x00000000c0000000, 0x00000000c4300000, 0x00000000eab00000)
  object space 68608K, 0% used [0x00000000c0000000,0x00000000c0004000,0x00000000c4300000)
 Metaspace       used 8087K, committed 8384K, reserved 1114112K
  class space    used 804K, committed 960K, reserved 1048576K
}
Event: 17.587 GC heap after
{Heap after GC invocations=2 (full 0):
 PSYoungGen      total 29696K, used 4091K [0x00000000eab00000, 0x00000000ecc00000, 0x0000000100000000)
  eden space 25600K, 0% used [0x00000000eab00000,0x00000000eab00000,0x00000000ec400000)
  from space 4096K, 99% used [0x00000000ec800000,0x00000000ecbfefc0,0x00000000ecc00000)
  to   space 4096K, 0% used [0x00000000ec400000,0x00000000ec400000,0x00000000ec800000)
 ParOldGen       total 68608K, used 553K [0x00000000c0000000, 0x00000000c4300000, 0x00000000eab00000)
  object space 68608K, 0% used [0x00000000c0000000,0x00000000c008a688,0x00000000c4300000)
 Metaspace       used 8087K, committed 8384K, reserved 1114112K
  class space    used 804K, committed 960K, reserved 1048576K
}
Event: 19.046 GC heap before
{Heap before GC invocations=3 (full 0):
 PSYoungGen      total 29696K, used 29691K [0x00000000eab00000, 0x00000000ecc00000, 0x0000000100000000)
  eden space 25600K, 100% used [0x00000000eab00000,0x00000000ec400000,0x00000000ec400000)
  from space 4096K, 99% used [0x00000000ec800000,0x00000000ecbfefc0,0x00000000ecc00000)
  to   space 4096K, 0% used [0x00000000ec400000,0x00000000ec400000,0x00000000ec800000)
 ParOldGen       total 68608K, used 553K [0x00000000c0000000, 0x00000000c4300000, 0x00000000eab00000)
  object space 68608K, 0% used [0x00000000c0000000,0x00000000c008a688,0x00000000c4300000)
 Metaspace       used 9252K, committed 9600K, reserved 1114112K
  class space    used 914K, committed 1088K, reserved 1048576K
}
Event: 19.049 GC heap after
{Heap after GC invocations=3 (full 0):
 PSYoungGen      total 29696K, used 4079K [0x00000000eab00000, 0x00000000ecc00000, 0x0000000100000000)
  eden space 25600K, 0% used [0x00000000eab00000,0x00000000eab00000,0x00000000ec400000)
  from space 4096K, 99% used [0x00000000ec400000,0x00000000ec7fbc68,0x00000000ec800000)
  to   space 4096K, 0% used [0x00000000ec800000,0x00000000ec800000,0x00000000ecc00000)
 ParOldGen       total 68608K, used 3005K [0x00000000c0000000, 0x00000000c4300000, 0x00000000eab00000)
  object space 68608K, 4% used [0x00000000c0000000,0x00000000c02ef530,0x00000000c4300000)
 Metaspace       used 9252K, committed 9600K, reserved 1114112K
  class space    used 914K, committed 1088K, reserved 1048576K
}
Event: 24.043 GC heap before
{Heap before GC invocations=4 (full 0):
 PSYoungGen      total 29696K, used 29662K [0x00000000eab00000, 0x00000000ecc00000, 0x0000000100000000)
  eden space 25600K, 99% used [0x00000000eab00000,0x00000000ec3fbf70,0x00000000ec400000)
  from space 4096K, 99% used [0x00000000ec400000,0x00000000ec7fbc68,0x00000000ec800000)
  to   space 4096K, 0% used [0x00000000ec800000,0x00000000ec800000,0x00000000ecc00000)
 ParOldGen       total 68608K, used 3005K [0x00000000c0000000, 0x00000000c4300000, 0x00000000eab00000)
  object space 68608K, 4% used [0x00000000c0000000,0x00000000c02ef530,0x00000000c4300000)
 Metaspace       used 13771K, committed 14208K, reserved 1114112K
  class space    used 1349K, committed 1536K, reserved 1048576K
}
Event: 24.046 GC heap after
{Heap after GC invocations=4 (full 0):
 PSYoungGen      total 29696K, used 4090K [0x00000000eab00000, 0x00000000ecc00000, 0x0000000100000000)
  eden space 25600K, 0% used [0x00000000eab00000,0x00000000eab00000,0x00000000ec400000)
  from space 4096K, 99% used [0x00000000ec800000,0x00000000ecbfe930,0x00000000ecc00000)
  to   space 4096K, 0% used [0x00000000ec400000,0x00000000ec400000,0x00000000ec800000)
 ParOldGen       total 68608K, used 4637K [0x00000000c0000000, 0x00000000c4300000, 0x00000000eab00000)
  object space 68608K, 6% used [0x00000000c0000000,0x00000000c04876f8,0x00000000c4300000)
 Metaspace       used 13771K, committed 14208K, reserved 1114112K
  class space    used 1349K, committed 1536K, reserved 1048576K
}
Event: 24.640 GC heap before
{Heap before GC invocations=5 (full 0):
 PSYoungGen      total 29696K, used 29690K [0x00000000eab00000, 0x00000000ecc00000, 0x0000000100000000)
  eden space 25600K, 100% used [0x00000000eab00000,0x00000000ec400000,0x00000000ec400000)
  from space 4096K, 99% used [0x00000000ec800000,0x00000000ecbfe930,0x00000000ecc00000)
  to   space 4096K, 0% used [0x00000000ec400000,0x00000000ec400000,0x00000000ec800000)
 ParOldGen       total 68608K, used 4637K [0x00000000c0000000, 0x00000000c4300000, 0x00000000eab00000)
  object space 68608K, 6% used [0x00000000c0000000,0x00000000c04876f8,0x00000000c4300000)
 Metaspace       used 17869K, committed 18432K, reserved 1114112K
  class space    used 1759K, committed 1984K, reserved 1048576K
}
Event: 24.644 GC heap after
{Heap after GC invocations=5 (full 0):
 PSYoungGen      total 29184K, used 4087K [0x00000000eab00000, 0x00000000ecf80000, 0x0000000100000000)
  eden space 25088K, 0% used [0x00000000eab00000,0x00000000eab00000,0x00000000ec380000)
  from space 4096K, 99% used [0x00000000ec400000,0x00000000ec7fdd18,0x00000000ec800000)
  to   space 6144K, 0% used [0x00000000ec980000,0x00000000ec980000,0x00000000ecf80000)
 ParOldGen       total 68608K, used 6297K [0x00000000c0000000, 0x00000000c4300000, 0x00000000eab00000)
  object space 68608K, 9% used [0x00000000c0000000,0x00000000c06266e8,0x00000000c4300000)
 Metaspace       used 17869K, committed 18432K, reserved 1114112K
  class space    used 1759K, committed 1984K, reserved 1048576K
}
Event: 24.834 GC heap before
{Heap before GC invocations=6 (full 0):
 PSYoungGen      total 29184K, used 28174K [0x00000000eab00000, 0x00000000ecf80000, 0x0000000100000000)
  eden space 25088K, 96% used [0x00000000eab00000,0x00000000ec285c98,0x00000000ec380000)
  from space 4096K, 99% used [0x00000000ec400000,0x00000000ec7fdd18,0x00000000ec800000)
  to   space 6144K, 0% used [0x00000000ec980000,0x00000000ec980000,0x00000000ecf80000)
 ParOldGen       total 68608K, used 6297K [0x00000000c0000000, 0x00000000c4300000, 0x00000000eab00000)
  object space 68608K, 9% used [0x00000000c0000000,0x00000000c06266e8,0x00000000c4300000)
 Metaspace       used 20843K, committed 21504K, reserved 1114112K
  class space    used 1956K, committed 2240K, reserved 1048576K
}
Event: 24.836 GC heap after
{Heap after GC invocations=6 (full 0):
 PSYoungGen      total 29696K, used 4423K [0x00000000eab00000, 0x00000000ece00000, 0x0000000100000000)
  eden space 25088K, 0% used [0x00000000eab00000,0x00000000eab00000,0x00000000ec380000)
  from space 4608K, 95% used [0x00000000ec980000,0x00000000ecdd1c58,0x00000000ece00000)
  to   space 5120K, 0% used [0x00000000ec400000,0x00000000ec400000,0x00000000ec900000)
 ParOldGen       total 68608K, used 6297K [0x00000000c0000000, 0x00000000c4300000, 0x00000000eab00000)
  object space 68608K, 9% used [0x00000000c0000000,0x00000000c06266e8,0x00000000c4300000)
 Metaspace       used 20843K, committed 21504K, reserved 1114112K
  class space    used 1956K, committed 2240K, reserved 1048576K
}
Event: 24.836 GC heap before
{Heap before GC invocations=7 (full 1):
 PSYoungGen      total 29696K, used 4423K [0x00000000eab00000, 0x00000000ece00000, 0x0000000100000000)
  eden space 25088K, 0% used [0x00000000eab00000,0x00000000eab00000,0x00000000ec380000)
  from space 4608K, 95% used [0x00000000ec980000,0x00000000ecdd1c58,0x00000000ece00000)
  to   space 5120K, 0% used [0x00000000ec400000,0x00000000ec400000,0x00000000ec900000)
 ParOldGen       total 68608K, used 6297K [0x00000000c0000000, 0x00000000c4300000, 0x00000000eab00000)
  object space 68608K, 9% used [0x00000000c0000000,0x00000000c06266e8,0x00000000c4300000)
 Metaspace       used 20843K, committed 21504K, reserved 1114112K
  class space    used 1956K, committed 2240K, reserved 1048576K
}
Event: 24.857 GC heap after
{Heap after GC invocations=7 (full 1):
 PSYoungGen      total 29696K, used 0K [0x00000000eab00000, 0x00000000ece00000, 0x0000000100000000)
  eden space 25088K, 0% used [0x00000000eab00000,0x00000000eab00000,0x00000000ec380000)
  from space 4608K, 0% used [0x00000000ec980000,0x00000000ec980000,0x00000000ece00000)
  to   space 5120K, 0% used [0x00000000ec400000,0x00000000ec400000,0x00000000ec900000)
 ParOldGen       total 68608K, used 10240K [0x00000000c0000000, 0x00000000c4300000, 0x00000000eab00000)
  object space 68608K, 14% used [0x00000000c0000000,0x00000000c0a00218,0x00000000c4300000)
 Metaspace       used 20830K, committed 21504K, reserved 1114112K
  class space    used 1953K, committed 2240K, reserved 1048576K
}

Dll operation events (10 events):
Event: 0.518 Loaded shared library c:\Users\Anzy\.cursor\extensions\redhat.java-1.41.1-win32-x64\jre\21.0.6-win32-x86_64\bin\java.dll
Event: 0.790 Loaded shared library c:\Users\Anzy\.cursor\extensions\redhat.java-1.41.1-win32-x64\jre\21.0.6-win32-x86_64\bin\zip.dll
Event: 0.805 Loaded shared library C:\Users\Anzy\.cursor\extensions\redhat.java-1.41.1-win32-x64\jre\21.0.6-win32-x86_64\bin\instrument.dll
Event: 0.964 Loaded shared library C:\Users\Anzy\.cursor\extensions\redhat.java-1.41.1-win32-x64\jre\21.0.6-win32-x86_64\bin\net.dll
Event: 1.091 Loaded shared library C:\Users\Anzy\.cursor\extensions\redhat.java-1.41.1-win32-x64\jre\21.0.6-win32-x86_64\bin\nio.dll
Event: 1.094 Loaded shared library C:\Users\Anzy\.cursor\extensions\redhat.java-1.41.1-win32-x64\jre\21.0.6-win32-x86_64\bin\zip.dll
Event: 1.106 Loaded shared library C:\Users\Anzy\.cursor\extensions\redhat.java-1.41.1-win32-x64\jre\21.0.6-win32-x86_64\bin\jimage.dll
Event: 1.239 Loaded shared library c:\Users\Anzy\.cursor\extensions\redhat.java-1.41.1-win32-x64\jre\21.0.6-win32-x86_64\bin\verify.dll
Event: 18.892 Loaded shared library C:\Users\Anzy\AppData\Roaming\Cursor\User\globalStorage\redhat.java\1.41.1\config_ss_win\org.eclipse.equinox.launcher\org.eclipse.equinox.launcher.win32.win32.x86_64_1.2.1300.v20250331-1702\eclipse_11911.dll
Event: 24.507 Loaded shared library C:\Users\Anzy\AppData\Local\Temp\jna-2046028\jna5742428253127168748.dll

Deoptimization events (20 events):
Event: 24.605 Thread 0x000001e0733a8970 Uncommon trap: trap_request=0xffffffde fr.pc=0x000001e062053594 relative=0x00000000000003b4
Event: 24.605 Thread 0x000001e0733a8970 Uncommon trap: reason=class_check action=maybe_recompile pc=0x000001e062053594 method=java.util.regex.Pattern$BmpCharPropertyGreedy.match(Ljava/util/regex/Matcher;ILjava/lang/CharSequence;)Z @ 70 c2
Event: 24.605 Thread 0x000001e0733a8970 DEOPT PACKING pc=0x000001e062053594 sp=0x00000053773ef590
Event: 24.605 Thread 0x000001e0733a8970 DEOPT UNPACKING pc=0x000001e061823aa2 sp=0x00000053773ef538 mode 2
Event: 24.605 Thread 0x000001e0733a8970 Uncommon trap: trap_request=0xffffffde fr.pc=0x000001e062053594 relative=0x00000000000003b4
Event: 24.605 Thread 0x000001e0733a8970 Uncommon trap: reason=class_check action=maybe_recompile pc=0x000001e062053594 method=java.util.regex.Pattern$BmpCharPropertyGreedy.match(Ljava/util/regex/Matcher;ILjava/lang/CharSequence;)Z @ 70 c2
Event: 24.605 Thread 0x000001e0733a8970 DEOPT PACKING pc=0x000001e062053594 sp=0x00000053773ef750
Event: 24.605 Thread 0x000001e0733a8970 DEOPT UNPACKING pc=0x000001e061823aa2 sp=0x00000053773ef6f8 mode 2
Event: 24.605 Thread 0x000001e0733a8970 Uncommon trap: trap_request=0xffffffde fr.pc=0x000001e062053594 relative=0x00000000000003b4
Event: 24.605 Thread 0x000001e0733a8970 Uncommon trap: reason=class_check action=maybe_recompile pc=0x000001e062053594 method=java.util.regex.Pattern$BmpCharPropertyGreedy.match(Ljava/util/regex/Matcher;ILjava/lang/CharSequence;)Z @ 70 c2
Event: 24.605 Thread 0x000001e0733a8970 DEOPT PACKING pc=0x000001e062053594 sp=0x00000053773ef5a0
Event: 24.605 Thread 0x000001e0733a8970 DEOPT UNPACKING pc=0x000001e061823aa2 sp=0x00000053773ef548 mode 2
Event: 24.891 Thread 0x000001e0733a8970 Uncommon trap: trap_request=0xffffff45 fr.pc=0x000001e06208daec relative=0x000000000000014c
Event: 24.891 Thread 0x000001e0733a8970 Uncommon trap: reason=unstable_if action=reinterpret pc=0x000001e06208daec method=org.lombokweb.asm.ByteVector.putByteArray([BII)Lorg/lombokweb/asm/ByteVector; @ 20 c2
Event: 24.892 Thread 0x000001e0733a8970 DEOPT PACKING pc=0x000001e06208daec sp=0x00000053773eeca0
Event: 24.892 Thread 0x000001e0733a8970 DEOPT UNPACKING pc=0x000001e061823aa2 sp=0x00000053773eec70 mode 2
Event: 24.892 Thread 0x000001e0733a8970 Uncommon trap: trap_request=0xffffff45 fr.pc=0x000001e06208e1a4 relative=0x0000000000000364
Event: 24.892 Thread 0x000001e0733a8970 Uncommon trap: reason=unstable_if action=reinterpret pc=0x000001e06208e1a4 method=org.lombokweb.asm.Label.resolve([BLorg/lombokweb/asm/ByteVector;I)Z @ 81 c2
Event: 24.892 Thread 0x000001e0733a8970 DEOPT PACKING pc=0x000001e06208e1a4 sp=0x00000053773eed30
Event: 24.892 Thread 0x000001e0733a8970 DEOPT UNPACKING pc=0x000001e061823aa2 sp=0x00000053773eec38 mode 2

Classes loaded (20 events):
Event: 24.624 Loading class java/util/zip/GZIPOutputStream
Event: 24.625 Loading class java/util/zip/GZIPOutputStream done
Event: 24.625 Loading class java/util/zip/GZIPInputStream
Event: 24.625 Loading class java/util/zip/GZIPInputStream done
Event: 24.630 Loading class java/net/SocketTimeoutException
Event: 24.630 Loading class java/io/InterruptedIOException
Event: 24.630 Loading class java/io/InterruptedIOException done
Event: 24.630 Loading class java/net/SocketTimeoutException done
Event: 24.630 Loading class java/net/SocketException
Event: 24.631 Loading class java/net/SocketException done
Event: 24.631 Loading class java/net/UnknownHostException
Event: 24.631 Loading class java/net/UnknownHostException done
Event: 24.631 Loading class java/net/ProtocolException
Event: 24.631 Loading class java/net/ProtocolException done
Event: 24.662 Loading class java/lang/ThreadLocal$SuppliedThreadLocal
Event: 24.662 Loading class java/lang/ThreadLocal$SuppliedThreadLocal done
Event: 24.666 Loading class java/io/FileWriter
Event: 24.666 Loading class java/io/FileWriter done
Event: 24.669 Loading class java/lang/NegativeArraySizeException
Event: 24.670 Loading class java/lang/NegativeArraySizeException done

Classes unloaded (7 events):
Event: 24.839 Thread 0x000001e06bce49d0 Unloading class 0x000001e001194400 'java/lang/invoke/LambdaForm$MH+0x000001e001194400'
Event: 24.839 Thread 0x000001e06bce49d0 Unloading class 0x000001e001194000 'java/lang/invoke/LambdaForm$MH+0x000001e001194000'
Event: 24.839 Thread 0x000001e06bce49d0 Unloading class 0x000001e001193c00 'java/lang/invoke/LambdaForm$MH+0x000001e001193c00'
Event: 24.839 Thread 0x000001e06bce49d0 Unloading class 0x000001e001193800 'java/lang/invoke/LambdaForm$MH+0x000001e001193800'
Event: 24.839 Thread 0x000001e06bce49d0 Unloading class 0x000001e001193400 'java/lang/invoke/LambdaForm$BMH+0x000001e001193400'
Event: 24.839 Thread 0x000001e06bce49d0 Unloading class 0x000001e001193000 'java/lang/invoke/LambdaForm$DMH+0x000001e001193000'
Event: 24.839 Thread 0x000001e06bce49d0 Unloading class 0x000001e001191c00 'java/lang/invoke/LambdaForm$DMH+0x000001e001191c00'

Classes redefined (0 events):
No events

Internal exceptions (20 events):
Event: 24.290 Thread 0x000001e0733a8970 Exception <a 'java/lang/NoSuchMethodError'{0x00000000eb8c7aa8}: 'java.lang.Object java.lang.invoke.DirectMethodHandle$Holder.invokeStaticInit(java.lang.Object, int, int, int, int)'> (0x00000000eb8c7aa8) 
thrown [s\src\hotspot\share\interpreter\linkResolver.cpp, line 773]
Event: 24.393 Thread 0x000001e0733a8970 Exception <a 'java/lang/NoSuchMethodError'{0x00000000eba0b030}: 'java.lang.Object java.lang.invoke.DirectMethodHandle$Holder.invokeStaticInit(java.lang.Object, java.lang.Object, int, int, int, int)'> (0x00000000eba0b030) 
thrown [s\src\hotspot\share\interpreter\linkResolver.cpp, line 773]
Event: 24.521 Thread 0x000001e0733a8970 Exception <a 'java/lang/NoSuchMethodError'{0x00000000ebb0a678}: 'void java.lang.invoke.DirectMethodHandle$Holder.invokeSpecial(java.lang.Object, java.lang.Object, java.lang.Object, int)'> (0x00000000ebb0a678) 
thrown [s\src\hotspot\share\interpreter\linkResolver.cpp, line 773]
Event: 24.521 Thread 0x000001e0733a8970 Exception <a 'java/lang/NoSuchMethodError'{0x00000000ebb0e008}: 'void java.lang.invoke.DelegatingMethodHandle$Holder.reinvoke_L(java.lang.Object, java.lang.Object, int)'> (0x00000000ebb0e008) 
thrown [s\src\hotspot\share\interpreter\linkResolver.cpp, line 773]
Event: 24.521 Thread 0x000001e0733a8970 Exception <a 'java/lang/NoSuchMethodError'{0x00000000ebb14d40}: 'int java.lang.invoke.Invokers$Holder.invokeExact_MT(java.lang.Object, java.lang.Object, java.lang.Object)'> (0x00000000ebb14d40) 
thrown [s\src\hotspot\share\interpreter\linkResolver.cpp, line 773]
Event: 24.531 Thread 0x000001e0733a8970 Exception <a 'java/lang/NoSuchMethodError'{0x00000000ebc10450}: 'void java.lang.invoke.Invokers$Holder.invokeExact_MT(java.lang.Object, java.lang.Object, int, java.lang.Object)'> (0x00000000ebc10450) 
thrown [s\src\hotspot\share\interpreter\linkResolver.cpp, line 773]
Event: 24.543 Thread 0x000001e0733a8970 Exception <a 'java/lang/NoSuchMethodError'{0x00000000ebd06ed0}: 'java.lang.Object java.lang.invoke.DirectMethodHandle$Holder.invokeSpecial(java.lang.Object, java.lang.Object, java.lang.Object, long, java.lang.Object)'> (0x00000000ebd06ed0) 
thrown [s\src\hotspot\share\interpreter\linkResolver.cpp, line 773]
Event: 24.544 Thread 0x000001e0733a8970 Exception <a 'java/lang/NoSuchMethodError'{0x00000000ebd0e660}: 'java.lang.Object java.lang.invoke.DirectMethodHandle$Holder.newInvokeSpecial(java.lang.Object, java.lang.Object, java.lang.Object, long)'> (0x00000000ebd0e660) 
thrown [s\src\hotspot\share\interpreter\linkResolver.cpp, line 773]
Event: 24.544 Thread 0x000001e0733a8970 Exception <a 'java/lang/NoSuchMethodError'{0x00000000ebd122e0}: 'java.lang.Object java.lang.invoke.Invokers$Holder.linkToTargetMethod(java.lang.Object, java.lang.Object, long, java.lang.Object)'> (0x00000000ebd122e0) 
thrown [s\src\hotspot\share\interpreter\linkResolver.cpp, line 773]
Event: 24.549 Thread 0x000001e0733a8970 Exception <a 'java/lang/NoSuchMethodError'{0x00000000ebd75cd0}: 'int java.lang.invoke.DirectMethodHandle$Holder.invokeStaticInit(java.lang.Object, java.lang.Object, java.lang.Object)'> (0x00000000ebd75cd0) 
thrown [s\src\hotspot\share\interpreter\linkResolver.cpp, line 773]
Event: 24.555 Thread 0x000001e0733a8970 Exception <a 'java/lang/IncompatibleClassChangeError'{0x00000000ebdfdf10}: Found class java.lang.Object, but interface was expected> (0x00000000ebdfdf10) 
thrown [s\src\hotspot\share\interpreter\linkResolver.cpp, line 840]
Event: 24.558 Thread 0x000001e0733a8970 Exception <a 'java/lang/NoSuchMethodError'{0x00000000ebe10230}: 'java.lang.Object java.lang.invoke.DirectMethodHandle$Holder.invokeSpecial(java.lang.Object, java.lang.Object, java.lang.Object, int, java.lang.Object, java.lang.Object)'> (0x00000000ebe10230) 
thrown [s\src\hotspot\share\interpreter\linkResolver.cpp, line 773]
Event: 24.559 Thread 0x000001e0733a8970 Exception <a 'java/lang/NoSuchMethodError'{0x00000000ebe17ac8}: 'java.lang.Object java.lang.invoke.DirectMethodHandle$Holder.newInvokeSpecial(java.lang.Object, java.lang.Object, java.lang.Object, int, java.lang.Object)'> (0x00000000ebe17ac8) 
thrown [s\src\hotspot\share\interpreter\linkResolver.cpp, line 773]
Event: 24.559 Thread 0x000001e0733a8970 Exception <a 'java/lang/NoSuchMethodError'{0x00000000ebe1b5b8}: 'java.lang.Object java.lang.invoke.Invokers$Holder.linkToTargetMethod(java.lang.Object, java.lang.Object, int, java.lang.Object, java.lang.Object)'> (0x00000000ebe1b5b8) 
thrown [s\src\hotspot\share\interpreter\linkResolver.cpp, line 773]
Event: 24.559 Thread 0x000001e0736a42b0 Exception <a 'java/lang/NoSuchMethodError'{0x00000000ebd380b0}: 'java.lang.Object java.lang.invoke.DirectMethodHandle$Holder.invokeSpecial(java.lang.Object, java.lang.Object, int, java.lang.Object, java.lang.Object)'> (0x00000000ebd380b0) 
thrown [s\src\hotspot\share\interpreter\linkResolver.cpp, line 773]
Event: 24.559 Thread 0x000001e0736a42b0 Exception <a 'java/lang/NoSuchMethodError'{0x00000000ebd3ede8}: 'java.lang.Object java.lang.invoke.DirectMethodHandle$Holder.newInvokeSpecial(java.lang.Object, java.lang.Object, int, java.lang.Object)'> (0x00000000ebd3ede8) 
thrown [s\src\hotspot\share\interpreter\linkResolver.cpp, line 773]
Event: 24.567 Thread 0x000001e0733a8970 Exception <a 'java/lang/NoSuchMethodError'{0x00000000ebf120d8}: 'void java.lang.invoke.DirectMethodHandle$Holder.invokeSpecial(java.lang.Object, java.lang.Object, java.lang.Object, java.lang.Object, java.lang.Object)'> (0x00000000ebf120d8) 
thrown [s\src\hotspot\share\interpreter\linkResolver.cpp, line 773]
Event: 24.589 Thread 0x000001e0733a8970 Exception <a 'java/lang/NoSuchMethodError'{0x00000000ec0eff58}: 'double java.lang.invoke.DirectMethodHandle$Holder.invokeStatic(java.lang.Object, java.lang.Object)'> (0x00000000ec0eff58) 
thrown [s\src\hotspot\share\interpreter\linkResolver.cpp, line 773]
Event: 24.590 Thread 0x000001e0733a8970 Exception <a 'java/lang/NoSuchMethodError'{0x00000000ec0f3618}: 'double java.lang.invoke.DirectMethodHandle$Holder.invokeStaticInit(java.lang.Object, java.lang.Object)'> (0x00000000ec0f3618) 
thrown [s\src\hotspot\share\interpreter\linkResolver.cpp, line 773]
Event: 24.891 Thread 0x000001e0733a8970 Implicit null exception at 0x000001e06208d9f5 to 0x000001e06208dad0

ZGC Phase Switch (0 events):
No events

VM Operations (20 events):
Event: 23.987 Executing VM operation: Cleanup
Event: 23.987 Executing VM operation: Cleanup done
Event: 24.043 Executing VM operation: ParallelGCFailedAllocation (Allocation Failure)
Event: 24.046 Executing VM operation: ParallelGCFailedAllocation (Allocation Failure) done
Event: 24.125 Executing VM operation: HandshakeAllThreads (Deoptimize)
Event: 24.125 Executing VM operation: HandshakeAllThreads (Deoptimize) done
Event: 24.127 Executing VM operation: HandshakeAllThreads (Deoptimize)
Event: 24.128 Executing VM operation: HandshakeAllThreads (Deoptimize) done
Event: 24.134 Executing VM operation: HandshakeAllThreads (Deoptimize)
Event: 24.135 Executing VM operation: HandshakeAllThreads (Deoptimize) done
Event: 24.265 Executing VM operation: HandshakeAllThreads (Deoptimize)
Event: 24.265 Executing VM operation: HandshakeAllThreads (Deoptimize) done
Event: 24.314 Executing VM operation: HandshakeAllThreads (Deoptimize)
Event: 24.314 Executing VM operation: HandshakeAllThreads (Deoptimize) done
Event: 24.513 Executing VM operation: HandshakeAllThreads (Deoptimize)
Event: 24.513 Executing VM operation: HandshakeAllThreads (Deoptimize) done
Event: 24.640 Executing VM operation: ParallelGCFailedAllocation (Allocation Failure)
Event: 24.644 Executing VM operation: ParallelGCFailedAllocation (Allocation Failure) done
Event: 24.834 Executing VM operation: CollectForMetadataAllocation (Metadata GC Threshold)
Event: 24.857 Executing VM operation: CollectForMetadataAllocation (Metadata GC Threshold) done

Memory protections (0 events):
No events

Nmethod flushes (0 events):
No events

Events (20 events):
Event: 18.766 Thread 0x000001e0736d7c80 Thread added: 0x000001e073550d40
Event: 18.766 Thread 0x000001e0736d7c80 Thread added: 0x000001e0736a2f00
Event: 18.766 Thread 0x000001e07354e5e0 Thread added: 0x000001e0736a3c20
Event: 18.767 Thread 0x000001e07354df50 Thread added: 0x000001e0736a3590
Event: 19.010 Thread 0x000001e06d5c4fc0 Thread exited: 0x000001e06d5c4fc0
Event: 19.011 Thread 0x000001e0733a8970 Thread added: 0x000001e0736a1b50
Event: 19.239 Thread 0x000001e0733a8970 Thread added: 0x000001e0736a21e0
Event: 22.298 Thread 0x000001e073543790 Thread exited: 0x000001e073543790
Event: 22.298 Thread 0x000001e0735430f0 Thread exited: 0x000001e0735430f0
Event: 22.359 Thread 0x000001e073a43e30 Thread exited: 0x000001e073a43e30
Event: 23.982 Thread 0x000001e06d4026a0 Thread added: 0x000001e06d646980
Event: 23.982 Thread 0x000001e06d4026a0 Thread added: 0x000001e06d6440a0
Event: 23.990 Thread 0x000001e06d4026a0 Thread added: 0x000001e06d6462b0
Event: 23.990 Thread 0x000001e06d4026a0 Thread added: 0x000001e06d644e40
Event: 24.018 Thread 0x000001e0733a8970 Thread added: 0x000001e0736a14c0
Event: 24.058 Thread 0x000001e06d6440a0 Thread added: 0x000001e06d645510
Event: 24.515 Thread 0x000001e06d644e40 Thread exited: 0x000001e06d644e40
Event: 24.524 Thread 0x000001e0733a8970 Thread added: 0x000001e0736a5cf0
Event: 24.546 Thread 0x000001e0733a8970 Thread added: 0x000001e0736a42b0
Event: 24.560 Thread 0x000001e0733a8970 Thread added: 0x000001e0736a4940


Dynamic libraries:
0x00007ff6e4500000 - 0x00007ff6e450e000 	c:\Users\Anzy\.cursor\extensions\redhat.java-1.41.1-win32-x64\jre\21.0.6-win32-x86_64\bin\java.exe
0x00007ffecc300000 - 0x00007ffecc563000 	C:\Windows\SYSTEM32\ntdll.dll
0x00007ffecace0000 - 0x00007ffecada7000 	C:\Windows\System32\KERNEL32.DLL
0x00007ffec9a90000 - 0x00007ffec9e59000 	C:\Windows\System32\KERNELBASE.dll
0x00007ffec9fa0000 - 0x00007ffeca0ec000 	C:\Windows\System32\ucrtbase.dll
0x00007ffe98360000 - 0x00007ffe98378000 	c:\Users\Anzy\.cursor\extensions\redhat.java-1.41.1-win32-x64\jre\21.0.6-win32-x86_64\bin\jli.dll
0x00007ffeca0f0000 - 0x00007ffeca2ba000 	C:\Windows\System32\USER32.dll
0x00007ffec9a60000 - 0x00007ffec9a87000 	C:\Windows\System32\win32u.dll
0x00007ffeca3f0000 - 0x00007ffeca41a000 	C:\Windows\System32\GDI32.dll
0x00007ffec9e60000 - 0x00007ffec9f91000 	C:\Windows\System32\gdi32full.dll
0x00007ffec98f0000 - 0x00007ffec9993000 	C:\Windows\System32\msvcp_win.dll
0x00007ffeae390000 - 0x00007ffeae620000 	C:\Windows\WinSxS\amd64_microsoft.windows.common-controls_6595b64144ccf1df_6.0.26100.3323_none_3e088096e3344490\COMCTL32.dll
0x00007ffecb240000 - 0x00007ffecb2e9000 	C:\Windows\System32\msvcrt.dll
0x00007ffe81ea0000 - 0x00007ffe81ebe000 	c:\Users\Anzy\.cursor\extensions\redhat.java-1.41.1-win32-x64\jre\21.0.6-win32-x86_64\bin\VCRUNTIME140.dll
0x00007ffecba10000 - 0x00007ffecba3f000 	C:\Windows\System32\IMM32.DLL
0x00007ffe8afe0000 - 0x00007ffe8afec000 	c:\Users\Anzy\.cursor\extensions\redhat.java-1.41.1-win32-x64\jre\21.0.6-win32-x86_64\bin\vcruntime140_1.dll
0x00007ffe24300000 - 0x00007ffe2438d000 	c:\Users\Anzy\.cursor\extensions\redhat.java-1.41.1-win32-x64\jre\21.0.6-win32-x86_64\bin\msvcp140.dll
0x00007ffddef30000 - 0x00007ffddfcc0000 	c:\Users\Anzy\.cursor\extensions\redhat.java-1.41.1-win32-x64\jre\21.0.6-win32-x86_64\bin\server\jvm.dll
0x00007ffecab30000 - 0x00007ffecabe2000 	C:\Windows\System32\ADVAPI32.dll
0x00007ffecb760000 - 0x00007ffecb806000 	C:\Windows\System32\sechost.dll
0x00007ffecba50000 - 0x00007ffecbb66000 	C:\Windows\System32\RPCRT4.dll
0x00007ffeca4c0000 - 0x00007ffeca534000 	C:\Windows\System32\WS2_32.dll
0x00007ffec0c20000 - 0x00007ffec0c56000 	C:\Windows\SYSTEM32\WINMM.dll
0x00007ffebf9f0000 - 0x00007ffebf9fb000 	C:\Windows\SYSTEM32\VERSION.dll
0x00007ffec8140000 - 0x00007ffec818e000 	C:\Windows\SYSTEM32\POWRPROF.dll
0x00007ffec8120000 - 0x00007ffec8134000 	C:\Windows\SYSTEM32\UMPDC.dll
0x00007ffec83e0000 - 0x00007ffec83fa000 	C:\Windows\SYSTEM32\kernel.appcore.dll
0x00007ffe875c0000 - 0x00007ffe875ca000 	c:\Users\Anzy\.cursor\extensions\redhat.java-1.41.1-win32-x64\jre\21.0.6-win32-x86_64\bin\jimage.dll
0x00007ffec6d10000 - 0x00007ffec6f51000 	C:\Windows\SYSTEM32\DBGHELP.DLL
0x00007ffeca7a0000 - 0x00007ffecab22000 	C:\Windows\System32\combase.dll
0x00007ffecabf0000 - 0x00007ffecacc6000 	C:\Windows\System32\OLEAUT32.dll
0x00007ffeaf010000 - 0x00007ffeaf049000 	C:\Windows\SYSTEM32\dbgcore.DLL
0x00007ffec9560000 - 0x00007ffec95f9000 	C:\Windows\System32\bcryptPrimitives.dll
0x00007ffe872d0000 - 0x00007ffe872df000 	c:\Users\Anzy\.cursor\extensions\redhat.java-1.41.1-win32-x64\jre\21.0.6-win32-x86_64\bin\instrument.dll
0x00007ffe84610000 - 0x00007ffe8462f000 	c:\Users\Anzy\.cursor\extensions\redhat.java-1.41.1-win32-x64\jre\21.0.6-win32-x86_64\bin\java.dll
0x00007ffecbb70000 - 0x00007ffecc285000 	C:\Windows\System32\SHELL32.dll
0x00007ffec9600000 - 0x00007ffec9768000 	C:\Windows\System32\wintypes.dll
0x00007ffec71b0000 - 0x00007ffec79f5000 	C:\Windows\SYSTEM32\windows.storage.dll
0x00007ffeca550000 - 0x00007ffeca63b000 	C:\Windows\System32\SHCORE.dll
0x00007ffecb510000 - 0x00007ffecb56d000 	C:\Windows\System32\shlwapi.dll
0x00007ffec93e0000 - 0x00007ffec940f000 	C:\Windows\SYSTEM32\profapi.dll
0x00007ffe7f5a0000 - 0x00007ffe7f5b8000 	c:\Users\Anzy\.cursor\extensions\redhat.java-1.41.1-win32-x64\jre\21.0.6-win32-x86_64\bin\zip.dll
0x00007ffe86a00000 - 0x00007ffe86a10000 	C:\Users\Anzy\.cursor\extensions\redhat.java-1.41.1-win32-x64\jre\21.0.6-win32-x86_64\bin\net.dll
0x00007ffebf740000 - 0x00007ffebf85e000 	C:\Windows\SYSTEM32\WINHTTP.dll
0x00007ffec8920000 - 0x00007ffec898a000 	C:\Windows\system32\mswsock.dll
0x00007ffe7d450000 - 0x00007ffe7d466000 	C:\Users\Anzy\.cursor\extensions\redhat.java-1.41.1-win32-x64\jre\21.0.6-win32-x86_64\bin\nio.dll
0x00007ffe84fa0000 - 0x00007ffe84fb0000 	c:\Users\Anzy\.cursor\extensions\redhat.java-1.41.1-win32-x64\jre\21.0.6-win32-x86_64\bin\verify.dll
0x00007ffe7c1b0000 - 0x00007ffe7c1f5000 	C:\Users\Anzy\AppData\Roaming\Cursor\User\globalStorage\redhat.java\1.41.1\config_ss_win\org.eclipse.equinox.launcher\org.eclipse.equinox.launcher.win32.win32.x86_64_1.2.1300.v20250331-1702\eclipse_11911.dll
0x00007ffecb2f0000 - 0x00007ffecb485000 	C:\Windows\System32\ole32.dll
0x00007ffec8bc0000 - 0x00007ffec8bdc000 	C:\Windows\SYSTEM32\CRYPTSP.dll
0x00007ffec8340000 - 0x00007ffec837a000 	C:\Windows\system32\rsaenh.dll
0x00007ffec89c0000 - 0x00007ffec89eb000 	C:\Windows\SYSTEM32\USERENV.dll
0x00007ffec8e00000 - 0x00007ffec8e26000 	C:\Windows\SYSTEM32\bcrypt.dll
0x00007ffec8be0000 - 0x00007ffec8bec000 	C:\Windows\SYSTEM32\CRYPTBASE.dll
0x00007ffec7d60000 - 0x00007ffec7d93000 	C:\Windows\SYSTEM32\IPHLPAPI.DLL
0x00007ffecb720000 - 0x00007ffecb72a000 	C:\Windows\System32\NSI.dll
0x00007ffe75420000 - 0x00007ffe75469000 	C:\Users\Anzy\AppData\Local\Temp\jna-2046028\jna5742428253127168748.dll
0x00007ffeca420000 - 0x00007ffeca428000 	C:\Windows\System32\PSAPI.DLL

dbghelp: loaded successfully - version: 4.0.5 - missing functions: none
symbol engine: initialized successfully - sym options: 0x614 - pdb path: .;c:\Users\Anzy\.cursor\extensions\redhat.java-1.41.1-win32-x64\jre\21.0.6-win32-x86_64\bin;C:\Windows\SYSTEM32;C:\Windows\WinSxS\amd64_microsoft.windows.common-controls_6595b64144ccf1df_6.0.26100.3323_none_3e088096e3344490;c:\Users\Anzy\.cursor\extensions\redhat.java-1.41.1-win32-x64\jre\21.0.6-win32-x86_64\bin\server;C:\Users\Anzy\AppData\Roaming\Cursor\User\globalStorage\redhat.java\1.41.1\config_ss_win\org.eclipse.equinox.launcher\org.eclipse.equinox.launcher.win32.win32.x86_64_1.2.1300.v20250331-1702;C:\Users\Anzy\AppData\Local\Temp\jna-2046028

VM Arguments:
jvm_args: --add-modules=ALL-SYSTEM --add-opens=java.base/java.util=ALL-UNNAMED --add-opens=java.base/java.lang=ALL-UNNAMED --add-opens=java.base/sun.nio.fs=ALL-UNNAMED -Declipse.application=org.eclipse.jdt.ls.core.id1 -Dosgi.bundles.defaultStartLevel=4 -Declipse.product=org.eclipse.jdt.ls.core.product -Djava.import.generatesMetadataFilesAtProjectRoot=false -DDetectVMInstallationsJob.disabled=true -Dfile.encoding=utf8 -XX:+UseParallelGC -XX:GCTimeRatio=4 -XX:AdaptiveSizePolicyWeight=90 -Dsun.zip.disableMemoryMapping=true -Xmx1G -Xms100m -Xlog:disable -javaagent:c:\Users\Anzy\.cursor\extensions\redhat.java-1.41.1-win32-x64\lombok\lombok-1.18.36.jar 
java_command: c:\Users\Anzy\.cursor\extensions\redhat.java-1.41.1-win32-x64\server\plugins\org.eclipse.equinox.launcher_1.7.0.v20250331-1702.jar -configuration c:\Users\Anzy\AppData\Roaming\Cursor\User\globalStorage\redhat.java\1.41.1\config_ss_win -data c:\Users\Anzy\AppData\Roaming\Cursor\User\workspaceStorage\21dd1479234a0e1822967c3d8eeb3b61\redhat.java\ss_ws --pipe=\\.\pipe\lsp-c0ac6af2a5ea81ec320f1741c34e53cd-sock
java_class_path (initial): c:\Users\Anzy\.cursor\extensions\redhat.java-1.41.1-win32-x64\server\plugins\org.eclipse.equinox.launcher_1.7.0.v20250331-1702.jar
Launcher Type: SUN_STANDARD

[Global flags]
    uintx AdaptiveSizePolicyWeight                 = 90                                        {product} {command line}
     intx CICompilerCount                          = 12                                        {product} {ergonomic}
    uintx GCTimeRatio                              = 4                                         {product} {command line}
   size_t InitialHeapSize                          = 104857600                                 {product} {command line}
   size_t MaxHeapSize                              = 1073741824                                {product} {command line}
   size_t MaxNewSize                               = 357564416                                 {product} {ergonomic}
   size_t MinHeapDeltaBytes                        = 524288                                    {product} {ergonomic}
   size_t MinHeapSize                              = 104857600                                 {product} {command line}
   size_t NewSize                                  = 34603008                                  {product} {ergonomic}
    uintx NonNMethodCodeHeapSize                   = 7602480                                {pd product} {ergonomic}
    uintx NonProfiledCodeHeapSize                  = 122027880                              {pd product} {ergonomic}
   size_t OldSize                                  = 70254592                                  {product} {ergonomic}
    uintx ProfiledCodeHeapSize                     = 122027880                              {pd product} {ergonomic}
    uintx ReservedCodeCacheSize                    = 251658240                              {pd product} {ergonomic}
     bool SegmentedCodeCache                       = true                                      {product} {ergonomic}
   size_t SoftMaxHeapSize                          = 1073741824                             {manageable} {ergonomic}
     bool UseCompressedOops                        = true                           {product lp64_product} {ergonomic}
     bool UseLargePagesIndividualAllocation        = false                                  {pd product} {ergonomic}
     bool UseParallelGC                            = true                                      {product} {command line}

Logging:
Log output configuration:
 #0: stdout all=off uptime,level,tags foldmultilines=false
 #1: stderr all=off uptime,level,tags foldmultilines=false

Environment Variables:
PATH=C:\Program Files\Common Files\Oracle\Java\javapath;C:\Windows\system32;C:\Windows;C:\Windows\System32\Wbem;C:\Windows\System32\WindowsPowerShell\v1.0\;C:\Windows\System32\OpenSSH\;C:\Program Files (x86)\NVIDIA Corporation\PhysX\Common;C:\Program Files\NVIDIA Corporation\NVIDIA app\NvDLISR;C:\Program Files\Git\cmd;C:\Program Files\nodejs\;C:\Program Files\dotnet\;c:\Users\Anzy\AppData\Local\Programs\cursor\resources\app\bin;C:\Users\Anzy\AppData\Local\Microsoft\WindowsApps;C:\Users\Anzy\AppData\Local\Microsoft\WinGet\Packages\Schniz.fnm_Microsoft.Winget.Source_8wekyb3d8bbwe;C:\Users\Anzy\AppData\Roaming\npm;C:\Users\Anzy\AppData\Local\GitHubDesktop\bin;C:\Users\Anzy\AppData\Local\Programs\cursor\resources\app\bin
USERNAME=Anzy
OS=Windows_NT
PROCESSOR_IDENTIFIER=Intel64 Family 6 Model 183 Stepping 1, GenuineIntel
TMP=C:\Users\Anzy\AppData\Local\Temp
TEMP=C:\Users\Anzy\AppData\Local\Temp




Periodic native trim disabled

---------------  S Y S T E M  ---------------

OS:
 Windows 11 , 64 bit Build 26100 (10.0.26100.3323)
OS uptime: 1 days 1:10 hours
Hyper-V role detected

CPU: total 16 (initial active 16) (8 cores per cpu, 2 threads per core) family 6 model 183 stepping 1 microcode 0x129, cx8, cmov, fxsr, ht, mmx, 3dnowpref, sse, sse2, sse3, ssse3, sse4.1, sse4.2, popcnt, lzcnt, tsc, tscinvbit, avx, avx2, aes, erms, clmul, bmi1, bmi2, adx, sha, fma, vzeroupper, clflush, clflushopt, clwb, hv, serialize, rdtscp, rdpid, fsrm, f16c, cet_ibt, cet_ss
Processor Information for processor 0
  Max Mhz: 2400, Current Mhz: 2400, Mhz Limit: 2400
Processor Information for processor 1
  Max Mhz: 2400, Current Mhz: 2400, Mhz Limit: 2400
Processor Information for processor 2
  Max Mhz: 2400, Current Mhz: 2400, Mhz Limit: 2400
Processor Information for processor 3
  Max Mhz: 2400, Current Mhz: 2400, Mhz Limit: 2400
Processor Information for processor 4
  Max Mhz: 2400, Current Mhz: 2400, Mhz Limit: 2400
Processor Information for processor 5
  Max Mhz: 2400, Current Mhz: 2400, Mhz Limit: 2400
Processor Information for processor 6
  Max Mhz: 2400, Current Mhz: 2400, Mhz Limit: 2400
Processor Information for processor 7
  Max Mhz: 2400, Current Mhz: 2400, Mhz Limit: 2400
Processor Information for processor 8
  Max Mhz: 2400, Current Mhz: 2400, Mhz Limit: 2400
Processor Information for processor 9
  Max Mhz: 2400, Current Mhz: 2400, Mhz Limit: 2400
Processor Information for processor 10
  Max Mhz: 2400, Current Mhz: 2400, Mhz Limit: 2400
Processor Information for processor 11
  Max Mhz: 2400, Current Mhz: 2400, Mhz Limit: 2400
Processor Information for processor 12
  Max Mhz: 2400, Current Mhz: 1466, Mhz Limit: 2400
Processor Information for processor 13
  Max Mhz: 2400, Current Mhz: 1466, Mhz Limit: 2400
Processor Information for processor 14
  Max Mhz: 2400, Current Mhz: 1466, Mhz Limit: 2400
Processor Information for processor 15
  Max Mhz: 2400, Current Mhz: 1466, Mhz Limit: 2400

Memory: 4k page, system-wide physical 7899M (377M free)
TotalPageFile size 32475M (AvailPageFile size 15M)
current process WorkingSet (physical memory assigned to process): 143M, peak: 146M
current process commit charge ("private bytes"): 271M, peak: 276M

vm_info: OpenJDK 64-Bit Server VM (21.0.6+7-LTS) for windows-amd64 JRE (21.0.6+7-LTS), built on 2025-01-21T00:00:00Z by "admin" with MS VC++ 17.7 (VS2022)

END.
